[debug] [2022-06-07T00:58:58.381Z] ----------------------------------------------------------------------
[debug] [2022-06-07T00:58:58.384Z] Command:       C:\Program Files\nodejs\node.exe C:\Users\saini\AppData\Roaming\npm\node_modules\firebase-tools\lib\bin\firebase.js emulators:start
[debug] [2022-06-07T00:58:58.385Z] CLI Version:   11.0.1
[debug] [2022-06-07T00:58:58.385Z] Platform:      win32
[debug] [2022-06-07T00:58:58.385Z] Node Version:  v17.3.1
[debug] [2022-06-07T00:58:58.387Z] Time:          Mon Jun 06 2022 17:58:58 GMT-0700 (Pacific Daylight Saving Time)
[debug] [2022-06-07T00:58:58.387Z] ----------------------------------------------------------------------
[debug] 
[debug] [2022-06-07T00:58:58.393Z] >>> [apiv2][query] GET https://firebase-public.firebaseio.com/cli.json [none]
[debug] [2022-06-07T00:58:58.645Z] > command requires scopes: ["email","openid","https://www.googleapis.com/auth/cloudplatformprojects.readonly","https://www.googleapis.com/auth/firebase","https://www.googleapis.com/auth/cloud-platform"]
[debug] [2022-06-07T00:58:58.645Z] > authorizing via signed-in user (sainiparteek18@gmail.com)
[info] i  emulators: Starting emulators: functions, hosting {"metadata":{"emulator":{"name":"hub"},"message":"Starting emulators: functions, hosting"}}
[debug] [2022-06-07T00:58:58.687Z] [hub] writing locator at C:\Users\saini\AppData\Local\Temp\hub-clone-ee6fa.json
[debug] [2022-06-07T00:58:58.932Z] <<< [apiv2][status] GET https://firebase-public.firebaseio.com/cli.json 200
[debug] [2022-06-07T00:58:58.933Z] <<< [apiv2][body] GET https://firebase-public.firebaseio.com/cli.json {"cloudBuildErrorAfter":1594252800000,"cloudBuildWarnAfter":1590019200000,"defaultNode10After":1594252800000,"minVersion":"3.0.5","node8DeploysDisabledAfter":1613390400000,"node8RuntimeDisabledAfter":1615809600000,"node8WarnAfter":1600128000000}
[warn] !  functions: The following emulators are not running, calls to these services from the Functions emulator will affect production: auth, firestore, database, pubsub, storage {"metadata":{"emulator":{"name":"functions"},"message":"The following emulators are not running, calls to these services from the Functions emulator will affect production: \u001b[1mauth, firestore, database, pubsub, storage\u001b[22m"}}
[warn] !  Your requested "node" version "16" doesn't match your global version "17". Using node@17 from host. {"metadata":{"emulator":{"name":"functions"},"message":"Your requested \"node\" version \"16\" doesn't match your global version \"17\". Using node@17 from host."}}
[debug] [2022-06-07T00:58:59.111Z] defaultcredentials: writing to file C:\Users\saini\AppData\Roaming\firebase\sainiparteek18_gmail_com_application_default_credentials.json
[debug] [2022-06-07T00:58:59.117Z] Setting GAC to C:\Users\saini\AppData\Roaming\firebase\sainiparteek18_gmail_com_application_default_credentials.json {"metadata":{"emulator":{"name":"functions"},"message":"Setting GAC to C:\\Users\\saini\\AppData\\Roaming\\firebase\\sainiparteek18_gmail_com_application_default_credentials.json"}}
[debug] [2022-06-07T00:58:59.123Z] > refreshing access token with scopes: []
[debug] [2022-06-07T00:58:59.126Z] >>> HTTP REQUEST POST https://www.googleapis.com/oauth2/v3/token  
 <request body omitted>
[debug] [2022-06-07T00:58:59.356Z] <<< HTTP RESPONSE 200 {"cache-control":"no-cache, no-store, max-age=0, must-revalidate","pragma":"no-cache","date":"Tue, 07 Jun 2022 00:58:57 GMT","expires":"Mon, 01 Jan 1990 00:00:00 GMT","content-type":"application/json; charset=utf-8","vary":"X-Origin, Referer, Origin,Accept-Encoding","server":"scaffolding on HTTPServer2","x-xss-protection":"0","x-frame-options":"SAMEORIGIN","x-content-type-options":"nosniff","alt-svc":"h3=\":443\"; ma=2592000,h3-29=\":443\"; ma=2592000,h3-Q050=\":443\"; ma=2592000,h3-Q046=\":443\"; ma=2592000,h3-Q043=\":443\"; ma=2592000,quic=\":443\"; ma=2592000; v=\"46,43\"","accept-ranges":"none","transfer-encoding":"chunked"}
[debug] [2022-06-07T00:58:59.390Z] >>> [apiv2][query] GET https://firebase.googleapis.com/v1beta1/projects/clone-ee6fa/adminSdkConfig [none]
[debug] [2022-06-07T00:58:59.702Z] <<< [apiv2][status] GET https://firebase.googleapis.com/v1beta1/projects/clone-ee6fa/adminSdkConfig 200
[debug] [2022-06-07T00:58:59.702Z] <<< [apiv2][body] GET https://firebase.googleapis.com/v1beta1/projects/clone-ee6fa/adminSdkConfig {"projectId":"clone-ee6fa","storageBucket":"clone-ee6fa.appspot.com","locationId":"us-central"}
[debug] [2022-06-07T00:58:59.749Z] >>> [apiv2][query] GET https://firebasehosting.googleapis.com/v1beta1/projects/clone-ee6fa/sites 
[debug] [2022-06-07T00:59:00.527Z] <<< [apiv2][status] GET https://firebasehosting.googleapis.com/v1beta1/projects/clone-ee6fa/sites 200
[debug] [2022-06-07T00:59:00.528Z] <<< [apiv2][body] GET https://firebasehosting.googleapis.com/v1beta1/projects/clone-ee6fa/sites {"sites":[{"name":"projects/clone-ee6fa/sites/clone-ee6fa","defaultUrl":"https://clone-ee6fa.web.app","appId":"1:550188167370:web:f5e98acd6183b2625b4433","type":"DEFAULT_SITE"}]}
[debug] [2022-06-07T00:59:00.530Z] >>> [apiv2][query] GET https://firebase.googleapis.com/v1beta1/projects/clone-ee6fa/webApps/1:550188167370:web:f5e98acd6183b2625b4433/config [none]
[debug] [2022-06-07T00:59:01.035Z] <<< [apiv2][status] GET https://firebase.googleapis.com/v1beta1/projects/clone-ee6fa/webApps/1:550188167370:web:f5e98acd6183b2625b4433/config 200
[debug] [2022-06-07T00:59:01.035Z] <<< [apiv2][body] GET https://firebase.googleapis.com/v1beta1/projects/clone-ee6fa/webApps/1:550188167370:web:f5e98acd6183b2625b4433/config {"projectId":"clone-ee6fa","appId":"1:550188167370:web:f5e98acd6183b2625b4433","storageBucket":"clone-ee6fa.appspot.com","locationId":"us-central","apiKey":"AIzaSyA-VQ9qk1UrfsM5zg6ZPUTx3MBH2Ef5qKU","authDomain":"clone-ee6fa.firebaseapp.com","messagingSenderId":"550188167370","measurementId":"G-DE3FQFL3MV"}
[info] i  hosting: Serving hosting files from: build {"metadata":{"emulator":{"name":"hosting"},"message":"Serving hosting files from: \u001b[1mbuild\u001b[22m"}}
[info] +  hosting: Local server: http://localhost:5000 {"metadata":{"emulator":{"name":"hosting"},"message":"Local server: \u001b[4m\u001b[1mhttp://localhost:5000\u001b[22m\u001b[24m"}}
[debug] [2022-06-07T00:59:01.207Z] Ignoring unsupported arg: auto_download {"metadata":{"emulator":{"name":"ui"},"message":"Ignoring unsupported arg: auto_download"}}
[debug] [2022-06-07T00:59:01.208Z] Ignoring unsupported arg: port {"metadata":{"emulator":{"name":"ui"},"message":"Ignoring unsupported arg: port"}}
[debug] [2022-06-07T00:59:01.209Z] Starting Emulator UI with command {"binary":"node","args":["--dns-result-order=ipv4first","C:\\Users\\saini\\.cache\\firebase\\emulators\\ui-v1.7.0\\server.bundle.js"],"optionalArgs":[],"joinArgs":false} {"metadata":{"emulator":{"name":"ui"},"message":"Starting Emulator UI with command {\"binary\":\"node\",\"args\":[\"--dns-result-order=ipv4first\",\"C:\\\\Users\\\\saini\\\\.cache\\\\firebase\\\\emulators\\\\ui-v1.7.0\\\\server.bundle.js\"],\"optionalArgs\":[],\"joinArgs\":false}"}}
[info] i  ui: Emulator UI logging to ui-debug.log {"metadata":{"emulator":{"name":"ui"},"message":"Emulator UI logging to \u001b[1mui-debug.log\u001b[22m"}}
[debug] [2022-06-07T00:59:01.530Z] Web / API server started at localhost:4000
 {"metadata":{"emulator":{"name":"ui"},"message":"Web / API server started at localhost:4000\n"}}
[info] i  functions: Watching "C:\Users\saini\Desktop\AmazonCloneApp\functions" for Cloud Functions... {"metadata":{"emulator":{"name":"functions"},"message":"Watching \"C:\\Users\\saini\\Desktop\\AmazonCloneApp\\functions\" for Cloud Functions..."}}
[debug] [2022-06-07T00:59:01.796Z] Validating nodejs source
[debug] [2022-06-07T00:59:05.029Z] > [functions] package.json contents: {
  "name": "functions",
  "description": "Cloud Functions for Firebase",
  "scripts": {
    "lint": "eslint .",
    "serve": "firebase emulators:start --only functions",
    "shell": "firebase functions:shell",
    "start": "npm run shell",
    "deploy": "firebase deploy --only functions",
    "logs": "firebase functions:log"
  },
  "engines": {
    "node": "16"
  },
  "main": "index.js",
  "dependencies": {
    "cors": "^2.8.5",
    "express": "^4.18.1",
    "firebase-admin": "^10.0.2",
    "firebase-functions": "^3.18.0",
    "stripe": "^9.6.0"
  },
  "devDependencies": {
    "eslint": "^8.9.0",
    "eslint-config-google": "^0.14.0",
    "firebase-functions-test": "^0.2.0"
  },
  "private": true
}
[debug] [2022-06-07T00:59:05.056Z] Building nodejs source
[debug] [2022-06-07T00:59:05.057Z] Analyzing nodejs backend spec
[debug] [2022-06-07T00:59:05.058Z] Could not find functions.yaml. Must use http discovery
[debug] [2022-06-07T00:59:05.752Z] Serving at port 9005

[debug] [2022-06-07T00:59:06.281Z] Got response from /__/functions.yaml {"endpoints":{"api":{"platform":"gcfv1","httpsTrigger":{},"entryPoint":"api"}},"specVersion":"v1alpha1","requiredAPIs":[]}
[debug] [2022-06-07T00:59:06.293Z] shutdown requested via /__/quitquitquit

[info] +  functions[us-central1-api]: http function initialized (http://localhost:5001/clone-ee6fa/us-central1/api). {"metadata":{"emulator":{"name":"functions"},"message":"\u001b[1mhttp\u001b[22m function initialized (http://localhost:5001/clone-ee6fa/us-central1/api)."}}
[info] 
┌─────────────────────────────────────────────────────────────┐
│ ✔  All emulators ready! It is now safe to connect your app. │
│ i  View Emulator UI at http://localhost:4000                │
└─────────────────────────────────────────────────────────────┘

┌───────────┬────────────────┬─────────────────────────────────┐
│ Emulator  │ Host:Port      │ View in Emulator UI             │
├───────────┼────────────────┼─────────────────────────────────┤
│ Functions │ localhost:5001 │ http://localhost:4000/functions │
├───────────┼────────────────┼─────────────────────────────────┤
│ Hosting   │ localhost:5000 │ n/a                             │
└───────────┴────────────────┴─────────────────────────────────┘
  Emulator Hub running at localhost:4400
  Other reserved ports: 4500

Issues? Report them at https://github.com/firebase/firebase-tools/issues and attach the *-debug.log files.
 
[debug] [2022-06-07T00:59:27.933Z] [work-queue] {"queueLength":1,"workRunningCount":0}
[debug] [2022-06-07T00:59:27.934Z] [work-queue] {"queueLength":0,"workRunningCount":1}
[debug] [2022-06-07T00:59:27.935Z] Accepted request POST /clone-ee6fa/us-central1/api/payments/create?total=47800 --> us-central1-api
[info] i  functions: Loaded environment variables from .env. 
[debug] [2022-06-07T00:59:27.962Z] [worker-pool] addWorker(us-central1-api) {"metadata":{"emulator":{"name":"functions"},"message":"[worker-pool] addWorker(us-central1-api)"}}
[debug] [2022-06-07T00:59:27.962Z] [worker-pool] Adding worker with key us-central1-api, total=1 {"metadata":{"emulator":{"name":"functions"},"message":"[worker-pool] Adding worker with key us-central1-api, total=1"}}
[debug] [2022-06-07T00:59:27.963Z] [worker-pool] submitWork(triggerId=us-central1-api) {"metadata":{"emulator":{"name":"functions"},"message":"[worker-pool] submitWork(triggerId=us-central1-api)"}}
[debug] [2022-06-07T00:59:27.963Z] [worker-us-central1-api-80df87cd-ab65-4b0d-951c-979c414f3ba4]: Assigning socketPath: \\?\pipe\C:\Users\saini\Desktop\AmazonCloneApp\functions\16252 {"metadata":{"emulator":{"name":"functions"},"message":"[worker-us-central1-api-80df87cd-ab65-4b0d-951c-979c414f3ba4]: Assigning socketPath: \\\\?\\pipe\\C:\\Users\\saini\\Desktop\\AmazonCloneApp\\functions\\16252"}}
[debug] [2022-06-07T00:59:27.964Z] [worker-us-central1-api-80df87cd-ab65-4b0d-951c-979c414f3ba4]: BUSY {"metadata":{"emulator":{"name":"functions"},"message":"[worker-us-central1-api-80df87cd-ab65-4b0d-951c-979c414f3ba4]: BUSY"}}
[debug] [2022-06-07T00:59:27.968Z] [work-queue] {"queueLength":1,"workRunningCount":1}
[debug] [2022-06-07T00:59:27.969Z] [work-queue] {"queueLength":0,"workRunningCount":2}
[debug] [2022-06-07T00:59:27.970Z] Accepted request POST /clone-ee6fa/us-central1/api/payments/create?total=47800 --> us-central1-api
[info] i  functions: Loaded environment variables from .env. 
[debug] [2022-06-07T00:59:27.994Z] [worker-pool] addWorker(us-central1-api) {"metadata":{"emulator":{"name":"functions"},"message":"[worker-pool] addWorker(us-central1-api)"}}
[debug] [2022-06-07T00:59:27.995Z] [worker-pool] Adding worker with key us-central1-api, total=2 {"metadata":{"emulator":{"name":"functions"},"message":"[worker-pool] Adding worker with key us-central1-api, total=2"}}
[debug] [2022-06-07T00:59:27.995Z] [worker-pool] submitWork(triggerId=us-central1-api) {"metadata":{"emulator":{"name":"functions"},"message":"[worker-pool] submitWork(triggerId=us-central1-api)"}}
[debug] [2022-06-07T00:59:27.995Z] [worker-us-central1-api-fe826200-2636-46b2-91dd-69dce33f5a12]: Assigning socketPath: \\?\pipe\C:\Users\saini\Desktop\AmazonCloneApp\functions\26940 {"metadata":{"emulator":{"name":"functions"},"message":"[worker-us-central1-api-fe826200-2636-46b2-91dd-69dce33f5a12]: Assigning socketPath: \\\\?\\pipe\\C:\\Users\\saini\\Desktop\\AmazonCloneApp\\functions\\26940"}}
[debug] [2022-06-07T00:59:27.996Z] [worker-us-central1-api-fe826200-2636-46b2-91dd-69dce33f5a12]: BUSY {"metadata":{"emulator":{"name":"functions"},"message":"[worker-us-central1-api-fe826200-2636-46b2-91dd-69dce33f5a12]: BUSY"}}
[debug] [2022-06-07T00:59:30.784Z] [runtime-status] [26940] Functions runtime initialized. {"cwd":"C:\\Users\\saini\\Desktop\\AmazonCloneApp\\functions","node_version":"17.3.1"} {"metadata":{"emulator":{"name":"functions"},"function":{"name":"us-central1-api"},"extension":{},"message":"[runtime-status] [26940] Functions runtime initialized. {\"cwd\":\"C:\\\\Users\\\\saini\\\\Desktop\\\\AmazonCloneApp\\\\functions\",\"node_version\":\"17.3.1\"}"}}
[debug] [2022-06-07T00:59:30.785Z] [runtime-status] [26940] Disabled runtime features: undefined {"metadata":{"emulator":{"name":"functions"},"function":{"name":"us-central1-api"},"extension":{},"message":"[runtime-status] [26940] Disabled runtime features: undefined"}}
[debug] [2022-06-07T00:59:30.789Z] [runtime-status] [26940] Resolved module firebase-admin {"declared":true,"installed":true,"version":"10.2.0","resolution":"C:\\Users\\saini\\Desktop\\AmazonCloneApp\\functions\\node_modules\\firebase-admin\\lib\\index.js"} {"metadata":{"emulator":{"name":"functions"},"function":{"name":"us-central1-api"},"extension":{},"message":"[runtime-status] [26940] Resolved module firebase-admin {\"declared\":true,\"installed\":true,\"version\":\"10.2.0\",\"resolution\":\"C:\\\\Users\\\\saini\\\\Desktop\\\\AmazonCloneApp\\\\functions\\\\node_modules\\\\firebase-admin\\\\lib\\\\index.js\"}"}}
[debug] [2022-06-07T00:59:30.790Z] [runtime-status] [16252] Functions runtime initialized. {"cwd":"C:\\Users\\saini\\Desktop\\AmazonCloneApp\\functions","node_version":"17.3.1"} {"metadata":{"emulator":{"name":"functions"},"function":{"name":"us-central1-api"},"extension":{},"message":"[runtime-status] [16252] Functions runtime initialized. {\"cwd\":\"C:\\\\Users\\\\saini\\\\Desktop\\\\AmazonCloneApp\\\\functions\",\"node_version\":\"17.3.1\"}"}}
[debug] [2022-06-07T00:59:30.791Z] [runtime-status] [16252] Disabled runtime features: undefined {"metadata":{"emulator":{"name":"functions"},"function":{"name":"us-central1-api"},"extension":{},"message":"[runtime-status] [16252] Disabled runtime features: undefined"}}
[debug] [2022-06-07T00:59:30.791Z] [runtime-status] [26940] Resolved module firebase-functions {"declared":true,"installed":true,"version":"3.21.2","resolution":"C:\\Users\\saini\\Desktop\\AmazonCloneApp\\functions\\node_modules\\firebase-functions\\lib\\index.js"} {"metadata":{"emulator":{"name":"functions"},"function":{"name":"us-central1-api"},"extension":{},"message":"[runtime-status] [26940] Resolved module firebase-functions {\"declared\":true,\"installed\":true,\"version\":\"3.21.2\",\"resolution\":\"C:\\\\Users\\\\saini\\\\Desktop\\\\AmazonCloneApp\\\\functions\\\\node_modules\\\\firebase-functions\\\\lib\\\\index.js\"}"}}
[debug] [2022-06-07T00:59:30.792Z] [runtime-status] [26940] Outgoing network have been stubbed. [{"name":"http","status":"mocked"},{"name":"http","status":"mocked"},{"name":"https","status":"mocked"},{"name":"https","status":"mocked"},{"name":"net","status":"mocked"}] {"metadata":{"emulator":{"name":"functions"},"function":{"name":"us-central1-api"},"extension":{},"message":"[runtime-status] [26940] Outgoing network have been stubbed. [{\"name\":\"http\",\"status\":\"mocked\"},{\"name\":\"http\",\"status\":\"mocked\"},{\"name\":\"https\",\"status\":\"mocked\"},{\"name\":\"https\",\"status\":\"mocked\"},{\"name\":\"net\",\"status\":\"mocked\"}]"}}
[debug] [2022-06-07T00:59:30.793Z] [runtime-status] [26940] Resolved module firebase-functions {"declared":true,"installed":true,"version":"3.21.2","resolution":"C:\\Users\\saini\\Desktop\\AmazonCloneApp\\functions\\node_modules\\firebase-functions\\lib\\index.js"} {"metadata":{"emulator":{"name":"functions"},"function":{"name":"us-central1-api"},"extension":{},"message":"[runtime-status] [26940] Resolved module firebase-functions {\"declared\":true,\"installed\":true,\"version\":\"3.21.2\",\"resolution\":\"C:\\\\Users\\\\saini\\\\Desktop\\\\AmazonCloneApp\\\\functions\\\\node_modules\\\\firebase-functions\\\\lib\\\\index.js\"}"}}
[debug] [2022-06-07T00:59:30.795Z] [runtime-status] [16252] Resolved module firebase-admin {"declared":true,"installed":true,"version":"10.2.0","resolution":"C:\\Users\\saini\\Desktop\\AmazonCloneApp\\functions\\node_modules\\firebase-admin\\lib\\index.js"} {"metadata":{"emulator":{"name":"functions"},"function":{"name":"us-central1-api"},"extension":{},"message":"[runtime-status] [16252] Resolved module firebase-admin {\"declared\":true,\"installed\":true,\"version\":\"10.2.0\",\"resolution\":\"C:\\\\Users\\\\saini\\\\Desktop\\\\AmazonCloneApp\\\\functions\\\\node_modules\\\\firebase-admin\\\\lib\\\\index.js\"}"}}
[debug] [2022-06-07T00:59:30.798Z] [runtime-status] [16252] Resolved module firebase-functions {"declared":true,"installed":true,"version":"3.21.2","resolution":"C:\\Users\\saini\\Desktop\\AmazonCloneApp\\functions\\node_modules\\firebase-functions\\lib\\index.js"} {"metadata":{"emulator":{"name":"functions"},"function":{"name":"us-central1-api"},"extension":{},"message":"[runtime-status] [16252] Resolved module firebase-functions {\"declared\":true,\"installed\":true,\"version\":\"3.21.2\",\"resolution\":\"C:\\\\Users\\\\saini\\\\Desktop\\\\AmazonCloneApp\\\\functions\\\\node_modules\\\\firebase-functions\\\\lib\\\\index.js\"}"}}
[debug] [2022-06-07T00:59:30.799Z] [runtime-status] [16252] Outgoing network have been stubbed. [{"name":"http","status":"mocked"},{"name":"http","status":"mocked"},{"name":"https","status":"mocked"},{"name":"https","status":"mocked"},{"name":"net","status":"mocked"}] {"metadata":{"emulator":{"name":"functions"},"function":{"name":"us-central1-api"},"extension":{},"message":"[runtime-status] [16252] Outgoing network have been stubbed. [{\"name\":\"http\",\"status\":\"mocked\"},{\"name\":\"http\",\"status\":\"mocked\"},{\"name\":\"https\",\"status\":\"mocked\"},{\"name\":\"https\",\"status\":\"mocked\"},{\"name\":\"net\",\"status\":\"mocked\"}]"}}
[debug] [2022-06-07T00:59:30.800Z] [runtime-status] [16252] Resolved module firebase-functions {"declared":true,"installed":true,"version":"3.21.2","resolution":"C:\\Users\\saini\\Desktop\\AmazonCloneApp\\functions\\node_modules\\firebase-functions\\lib\\index.js"} {"metadata":{"emulator":{"name":"functions"},"function":{"name":"us-central1-api"},"extension":{},"message":"[runtime-status] [16252] Resolved module firebase-functions {\"declared\":true,\"installed\":true,\"version\":\"3.21.2\",\"resolution\":\"C:\\\\Users\\\\saini\\\\Desktop\\\\AmazonCloneApp\\\\functions\\\\node_modules\\\\firebase-functions\\\\lib\\\\index.js\"}"}}
[debug] [2022-06-07T00:59:30.868Z] [runtime-status] [26940] Checked functions.config() {"config":{}} {"metadata":{"emulator":{"name":"functions"},"function":{"name":"us-central1-api"},"extension":{},"message":"[runtime-status] [26940] Checked functions.config() {\"config\":{}}"}}
[debug] [2022-06-07T00:59:30.869Z] [runtime-status] [26940] firebase-functions has been stubbed. {"functionsResolution":{"declared":true,"installed":true,"version":"3.21.2","resolution":"C:\\Users\\saini\\Desktop\\AmazonCloneApp\\functions\\node_modules\\firebase-functions\\lib\\index.js"}} {"metadata":{"emulator":{"name":"functions"},"function":{"name":"us-central1-api"},"extension":{},"message":"[runtime-status] [26940] firebase-functions has been stubbed. {\"functionsResolution\":{\"declared\":true,\"installed\":true,\"version\":\"3.21.2\",\"resolution\":\"C:\\\\Users\\\\saini\\\\Desktop\\\\AmazonCloneApp\\\\functions\\\\node_modules\\\\firebase-functions\\\\lib\\\\index.js\"}}"}}
[debug] [2022-06-07T00:59:30.870Z] [runtime-status] [26940] Resolved module firebase-functions {"declared":true,"installed":true,"version":"3.21.2","resolution":"C:\\Users\\saini\\Desktop\\AmazonCloneApp\\functions\\node_modules\\firebase-functions\\lib\\index.js"} {"metadata":{"emulator":{"name":"functions"},"function":{"name":"us-central1-api"},"extension":{},"message":"[runtime-status] [26940] Resolved module firebase-functions {\"declared\":true,\"installed\":true,\"version\":\"3.21.2\",\"resolution\":\"C:\\\\Users\\\\saini\\\\Desktop\\\\AmazonCloneApp\\\\functions\\\\node_modules\\\\firebase-functions\\\\lib\\\\index.js\"}"}}
[debug] [2022-06-07T00:59:30.872Z] [runtime-status] [26940] Resolved module firebase-admin {"declared":true,"installed":true,"version":"10.2.0","resolution":"C:\\Users\\saini\\Desktop\\AmazonCloneApp\\functions\\node_modules\\firebase-admin\\lib\\index.js"} {"metadata":{"emulator":{"name":"functions"},"function":{"name":"us-central1-api"},"extension":{},"message":"[runtime-status] [26940] Resolved module firebase-admin {\"declared\":true,\"installed\":true,\"version\":\"10.2.0\",\"resolution\":\"C:\\\\Users\\\\saini\\\\Desktop\\\\AmazonCloneApp\\\\functions\\\\node_modules\\\\firebase-admin\\\\lib\\\\index.js\"}"}}
[debug] [2022-06-07T00:59:30.874Z] [runtime-status] [26940] Resolved module firebase-functions {"declared":true,"installed":true,"version":"3.21.2","resolution":"C:\\Users\\saini\\Desktop\\AmazonCloneApp\\functions\\node_modules\\firebase-functions\\lib\\index.js"} {"metadata":{"emulator":{"name":"functions"},"function":{"name":"us-central1-api"},"extension":{},"message":"[runtime-status] [26940] Resolved module firebase-functions {\"declared\":true,\"installed\":true,\"version\":\"3.21.2\",\"resolution\":\"C:\\\\Users\\\\saini\\\\Desktop\\\\AmazonCloneApp\\\\functions\\\\node_modules\\\\firebase-functions\\\\lib\\\\index.js\"}"}}
[debug] [2022-06-07T00:59:30.874Z] [runtime-status] [26940] firebase-admin has been stubbed. {"adminResolution":{"declared":true,"installed":true,"version":"10.2.0","resolution":"C:\\Users\\saini\\Desktop\\AmazonCloneApp\\functions\\node_modules\\firebase-admin\\lib\\index.js"}} {"metadata":{"emulator":{"name":"functions"},"function":{"name":"us-central1-api"},"extension":{},"message":"[runtime-status] [26940] firebase-admin has been stubbed. {\"adminResolution\":{\"declared\":true,\"installed\":true,\"version\":\"10.2.0\",\"resolution\":\"C:\\\\Users\\\\saini\\\\Desktop\\\\AmazonCloneApp\\\\functions\\\\node_modules\\\\firebase-admin\\\\lib\\\\index.js\"}}"}}
[debug] [2022-06-07T00:59:30.874Z] [runtime-status] [16252] Checked functions.config() {"config":{}} {"metadata":{"emulator":{"name":"functions"},"function":{"name":"us-central1-api"},"extension":{},"message":"[runtime-status] [16252] Checked functions.config() {\"config\":{}}"}}
[debug] [2022-06-07T00:59:30.875Z] [runtime-status] [16252] firebase-functions has been stubbed. {"functionsResolution":{"declared":true,"installed":true,"version":"3.21.2","resolution":"C:\\Users\\saini\\Desktop\\AmazonCloneApp\\functions\\node_modules\\firebase-functions\\lib\\index.js"}} {"metadata":{"emulator":{"name":"functions"},"function":{"name":"us-central1-api"},"extension":{},"message":"[runtime-status] [16252] firebase-functions has been stubbed. {\"functionsResolution\":{\"declared\":true,\"installed\":true,\"version\":\"3.21.2\",\"resolution\":\"C:\\\\Users\\\\saini\\\\Desktop\\\\AmazonCloneApp\\\\functions\\\\node_modules\\\\firebase-functions\\\\lib\\\\index.js\"}}"}}
[debug] [2022-06-07T00:59:30.876Z] [runtime-status] [16252] Resolved module firebase-functions {"declared":true,"installed":true,"version":"3.21.2","resolution":"C:\\Users\\saini\\Desktop\\AmazonCloneApp\\functions\\node_modules\\firebase-functions\\lib\\index.js"} {"metadata":{"emulator":{"name":"functions"},"function":{"name":"us-central1-api"},"extension":{},"message":"[runtime-status] [16252] Resolved module firebase-functions {\"declared\":true,\"installed\":true,\"version\":\"3.21.2\",\"resolution\":\"C:\\\\Users\\\\saini\\\\Desktop\\\\AmazonCloneApp\\\\functions\\\\node_modules\\\\firebase-functions\\\\lib\\\\index.js\"}"}}
[debug] [2022-06-07T00:59:30.878Z] [runtime-status] [16252] Resolved module firebase-admin {"declared":true,"installed":true,"version":"10.2.0","resolution":"C:\\Users\\saini\\Desktop\\AmazonCloneApp\\functions\\node_modules\\firebase-admin\\lib\\index.js"} {"metadata":{"emulator":{"name":"functions"},"function":{"name":"us-central1-api"},"extension":{},"message":"[runtime-status] [16252] Resolved module firebase-admin {\"declared\":true,\"installed\":true,\"version\":\"10.2.0\",\"resolution\":\"C:\\\\Users\\\\saini\\\\Desktop\\\\AmazonCloneApp\\\\functions\\\\node_modules\\\\firebase-admin\\\\lib\\\\index.js\"}"}}
[debug] [2022-06-07T00:59:30.879Z] [runtime-status] [16252] Resolved module firebase-functions {"declared":true,"installed":true,"version":"3.21.2","resolution":"C:\\Users\\saini\\Desktop\\AmazonCloneApp\\functions\\node_modules\\firebase-functions\\lib\\index.js"} {"metadata":{"emulator":{"name":"functions"},"function":{"name":"us-central1-api"},"extension":{},"message":"[runtime-status] [16252] Resolved module firebase-functions {\"declared\":true,\"installed\":true,\"version\":\"3.21.2\",\"resolution\":\"C:\\\\Users\\\\saini\\\\Desktop\\\\AmazonCloneApp\\\\functions\\\\node_modules\\\\firebase-functions\\\\lib\\\\index.js\"}"}}
[debug] [2022-06-07T00:59:30.880Z] [runtime-status] [16252] firebase-admin has been stubbed. {"adminResolution":{"declared":true,"installed":true,"version":"10.2.0","resolution":"C:\\Users\\saini\\Desktop\\AmazonCloneApp\\functions\\node_modules\\firebase-admin\\lib\\index.js"}} {"metadata":{"emulator":{"name":"functions"},"function":{"name":"us-central1-api"},"extension":{},"message":"[runtime-status] [16252] firebase-admin has been stubbed. {\"adminResolution\":{\"declared\":true,\"installed\":true,\"version\":\"10.2.0\",\"resolution\":\"C:\\\\Users\\\\saini\\\\Desktop\\\\AmazonCloneApp\\\\functions\\\\node_modules\\\\firebase-admin\\\\lib\\\\index.js\"}}"}}
[debug] [2022-06-07T00:59:31.188Z] [runtime-status] [16252] Beginning invocation function api! {"metadata":{"emulator":{"name":"functions"},"function":{"name":"us-central1-api"},"extension":{},"message":"[runtime-status] [16252] Beginning invocation function api!"}}
[debug] [2022-06-07T00:59:31.189Z] [runtime-status] [26940] Beginning invocation function api! {"metadata":{"emulator":{"name":"functions"},"function":{"name":"us-central1-api"},"extension":{},"message":"[runtime-status] [26940] Beginning invocation function api!"}}
[info] i  functions: Beginning execution of "api" {"metadata":{"emulator":{"name":"functions"},"function":{"name":"us-central1-api"},"extension":{},"message":"Beginning execution of \"api\""}}
[debug] [2022-06-07T00:59:31.190Z] [runtime-status] [16252] Running api in signature http {"metadata":{"emulator":{"name":"functions"},"function":{"name":"us-central1-api"},"extension":{},"message":"[runtime-status] [16252] Running api in signature http"}}
[info] i  functions: Beginning execution of "api" {"metadata":{"emulator":{"name":"functions"},"function":{"name":"us-central1-api"},"extension":{},"message":"Beginning execution of \"api\""}}
[debug] [2022-06-07T00:59:31.191Z] [runtime-status] [26940] Running api in signature http {"metadata":{"emulator":{"name":"functions"},"function":{"name":"us-central1-api"},"extension":{},"message":"[runtime-status] [26940] Running api in signature http"}}
[debug] [2022-06-07T00:59:31.197Z] [runtime-status] [16252] Attempting to listen to socketPath: \\?\pipe\C:\Users\saini\Desktop\AmazonCloneApp\functions\16252 {"metadata":{"emulator":{"name":"functions"},"function":{"name":"us-central1-api"},"extension":{},"message":"[runtime-status] [16252] Attempting to listen to socketPath: \\\\?\\pipe\\C:\\Users\\saini\\Desktop\\AmazonCloneApp\\functions\\16252"}}
[debug] [2022-06-07T00:59:31.198Z] [runtime-status] [26940] Attempting to listen to socketPath: \\?\pipe\C:\Users\saini\Desktop\AmazonCloneApp\functions\26940 {"metadata":{"emulator":{"name":"functions"},"function":{"name":"us-central1-api"},"extension":{},"message":"[runtime-status] [26940] Attempting to listen to socketPath: \\\\?\\pipe\\C:\\Users\\saini\\Desktop\\AmazonCloneApp\\functions\\26940"}}
[debug] [2022-06-07T00:59:31.213Z] [functions] Runtime ready! Sending request! {"metadata":{"emulator":{"name":"functions"},"message":"[functions] Runtime ready! Sending request!"}}
[debug] [2022-06-07T00:59:31.215Z] [functions] Got req.url=/clone-ee6fa/us-central1/api/payments/create?total=47800, mapping to path=/payments/create?total=47800 {"metadata":{"emulator":{"name":"functions"},"message":"[functions] Got req.url=/clone-ee6fa/us-central1/api/payments/create?total=47800, mapping to path=/payments/create?total=47800"}}
[debug] [2022-06-07T00:59:31.225Z] [functions] Runtime ready! Sending request! {"metadata":{"emulator":{"name":"functions"},"message":"[functions] Runtime ready! Sending request!"}}
[debug] [2022-06-07T00:59:31.225Z] [functions] Got req.url=/clone-ee6fa/us-central1/api/payments/create?total=47800, mapping to path=/payments/create?total=47800 {"metadata":{"emulator":{"name":"functions"},"message":"[functions] Got req.url=/clone-ee6fa/us-central1/api/payments/create?total=47800, mapping to path=/payments/create?total=47800"}}
[debug] [2022-06-07T00:59:31.228Z] [runtime-status] [16252] Ephemeral server handling POST request {"metadata":{"emulator":{"name":"functions"},"function":{"name":"us-central1-api"},"extension":{},"message":"[runtime-status] [16252] Ephemeral server handling POST request"}}
[info] >  Payment Request Recieved !! for this amount >>>  47800 {"user":"Payment Request Recieved !! for this amount >>>  47800","metadata":{"emulator":{"name":"functions"},"function":{"name":"us-central1-api"},"extension":{},"message":"\u001b[90m> \u001b[39m Payment Request Recieved !! for this amount >>>  47800"}}
[debug] [2022-06-07T00:59:31.235Z] [runtime-status] [26940] Ephemeral server handling POST request {"metadata":{"emulator":{"name":"functions"},"function":{"name":"us-central1-api"},"extension":{},"message":"[runtime-status] [26940] Ephemeral server handling POST request"}}
[info] >  Payment Request Recieved !! for this amount >>>  47800 {"user":"Payment Request Recieved !! for this amount >>>  47800","metadata":{"emulator":{"name":"functions"},"function":{"name":"us-central1-api"},"extension":{},"message":"\u001b[90m> \u001b[39m Payment Request Recieved !! for this amount >>>  47800"}}
[debug] [2022-06-07T00:59:31.249Z] [runtime-status] [16252] Ephemeral server survived. {"metadata":{"emulator":{"name":"functions"},"function":{"name":"us-central1-api"},"extension":{},"message":"[runtime-status] [16252] Ephemeral server survived."}}
[debug] [2022-06-07T00:59:31.258Z] [runtime-status] [26940] Ephemeral server survived. {"metadata":{"emulator":{"name":"functions"},"function":{"name":"us-central1-api"},"extension":{},"message":"[runtime-status] [26940] Ephemeral server survived."}}
[info] i  functions: Finished "api" in ~1s {"metadata":{"emulator":{"name":"functions"},"function":{"name":"us-central1-api"},"extension":{},"message":"Finished \"api\" in ~1s"}}
[debug] [2022-06-07T00:59:31.885Z] [worker-us-central1-api-fe826200-2636-46b2-91dd-69dce33f5a12]: IDLE {"metadata":{"emulator":{"name":"functions"},"message":"[worker-us-central1-api-fe826200-2636-46b2-91dd-69dce33f5a12]: IDLE"}}
[debug] [2022-06-07T00:59:31.887Z] [work-queue] {"queueLength":0,"workRunningCount":1}
[info] i  functions: Finished "api" in ~1s {"metadata":{"emulator":{"name":"functions"},"function":{"name":"us-central1-api"},"extension":{},"message":"Finished \"api\" in ~1s"}}
[debug] [2022-06-07T00:59:31.892Z] [worker-us-central1-api-80df87cd-ab65-4b0d-951c-979c414f3ba4]: IDLE {"metadata":{"emulator":{"name":"functions"},"message":"[worker-us-central1-api-80df87cd-ab65-4b0d-951c-979c414f3ba4]: IDLE"}}
[debug] [2022-06-07T00:59:31.893Z] [work-queue] {"queueLength":0,"workRunningCount":0}
[debug] [2022-06-07T01:04:12.138Z] [work-queue] {"queueLength":1,"workRunningCount":0}
[debug] [2022-06-07T01:04:12.139Z] [work-queue] {"queueLength":0,"workRunningCount":1}
[debug] [2022-06-07T01:04:12.139Z] Accepted request POST /clone-ee6fa/us-central1/api/payments/create?total=23900 --> us-central1-api
[debug] [2022-06-07T01:04:12.139Z] [worker-pool] submitWork(triggerId=us-central1-api) {"metadata":{"emulator":{"name":"functions"},"message":"[worker-pool] submitWork(triggerId=us-central1-api)"}}
[debug] [2022-06-07T01:04:12.139Z] [worker-us-central1-api-80df87cd-ab65-4b0d-951c-979c414f3ba4]: Assigning socketPath: \\?\pipe\C:\Users\saini\Desktop\AmazonCloneApp\functions\16252 {"metadata":{"emulator":{"name":"functions"},"message":"[worker-us-central1-api-80df87cd-ab65-4b0d-951c-979c414f3ba4]: Assigning socketPath: \\\\?\\pipe\\C:\\Users\\saini\\Desktop\\AmazonCloneApp\\functions\\16252"}}
[debug] [2022-06-07T01:04:12.140Z] [worker-us-central1-api-80df87cd-ab65-4b0d-951c-979c414f3ba4]: BUSY {"metadata":{"emulator":{"name":"functions"},"message":"[worker-us-central1-api-80df87cd-ab65-4b0d-951c-979c414f3ba4]: BUSY"}}
[debug] [2022-06-07T01:04:12.142Z] [work-queue] {"queueLength":1,"workRunningCount":1}
[debug] [2022-06-07T01:04:12.143Z] [work-queue] {"queueLength":0,"workRunningCount":2}
[debug] [2022-06-07T01:04:12.143Z] Accepted request POST /clone-ee6fa/us-central1/api/payments/create?total=23900 --> us-central1-api
[debug] [2022-06-07T01:04:12.143Z] [worker-pool] submitWork(triggerId=us-central1-api) {"metadata":{"emulator":{"name":"functions"},"message":"[worker-pool] submitWork(triggerId=us-central1-api)"}}
[debug] [2022-06-07T01:04:12.144Z] [worker-us-central1-api-fe826200-2636-46b2-91dd-69dce33f5a12]: Assigning socketPath: \\?\pipe\C:\Users\saini\Desktop\AmazonCloneApp\functions\26940 {"metadata":{"emulator":{"name":"functions"},"message":"[worker-us-central1-api-fe826200-2636-46b2-91dd-69dce33f5a12]: Assigning socketPath: \\\\?\\pipe\\C:\\Users\\saini\\Desktop\\AmazonCloneApp\\functions\\26940"}}
[debug] [2022-06-07T01:04:12.144Z] [worker-us-central1-api-fe826200-2636-46b2-91dd-69dce33f5a12]: BUSY {"metadata":{"emulator":{"name":"functions"},"message":"[worker-us-central1-api-fe826200-2636-46b2-91dd-69dce33f5a12]: BUSY"}}
[debug] [2022-06-07T01:04:12.145Z] [runtime-status] [16252] Beginning invocation function api! {"metadata":{"emulator":{"name":"functions"},"function":{"name":"us-central1-api"},"extension":{},"message":"[runtime-status] [16252] Beginning invocation function api!"}}
[info] i  functions: Beginning execution of "api" {"metadata":{"emulator":{"name":"functions"},"function":{"name":"us-central1-api"},"extension":{},"message":"Beginning execution of \"api\""}}
[debug] [2022-06-07T01:04:12.147Z] [runtime-status] [16252] Running api in signature http {"metadata":{"emulator":{"name":"functions"},"function":{"name":"us-central1-api"},"extension":{},"message":"[runtime-status] [16252] Running api in signature http"}}
[debug] [2022-06-07T01:04:12.148Z] [runtime-status] [16252] Attempting to listen to socketPath: \\?\pipe\C:\Users\saini\Desktop\AmazonCloneApp\functions\16252 {"metadata":{"emulator":{"name":"functions"},"function":{"name":"us-central1-api"},"extension":{},"message":"[runtime-status] [16252] Attempting to listen to socketPath: \\\\?\\pipe\\C:\\Users\\saini\\Desktop\\AmazonCloneApp\\functions\\16252"}}
[debug] [2022-06-07T01:04:12.149Z] [runtime-status] [26940] Beginning invocation function api! {"metadata":{"emulator":{"name":"functions"},"function":{"name":"us-central1-api"},"extension":{},"message":"[runtime-status] [26940] Beginning invocation function api!"}}
[info] i  functions: Beginning execution of "api" {"metadata":{"emulator":{"name":"functions"},"function":{"name":"us-central1-api"},"extension":{},"message":"Beginning execution of \"api\""}}
[debug] [2022-06-07T01:04:12.150Z] [runtime-status] [26940] Running api in signature http {"metadata":{"emulator":{"name":"functions"},"function":{"name":"us-central1-api"},"extension":{},"message":"[runtime-status] [26940] Running api in signature http"}}
[debug] [2022-06-07T01:04:12.159Z] [functions] Runtime ready! Sending request! {"metadata":{"emulator":{"name":"functions"},"message":"[functions] Runtime ready! Sending request!"}}
[debug] [2022-06-07T01:04:12.159Z] [functions] Got req.url=/clone-ee6fa/us-central1/api/payments/create?total=23900, mapping to path=/payments/create?total=23900 {"metadata":{"emulator":{"name":"functions"},"message":"[functions] Got req.url=/clone-ee6fa/us-central1/api/payments/create?total=23900, mapping to path=/payments/create?total=23900"}}
[debug] [2022-06-07T01:04:12.161Z] [runtime-status] [26940] Attempting to listen to socketPath: \\?\pipe\C:\Users\saini\Desktop\AmazonCloneApp\functions\26940 {"metadata":{"emulator":{"name":"functions"},"function":{"name":"us-central1-api"},"extension":{},"message":"[runtime-status] [26940] Attempting to listen to socketPath: \\\\?\\pipe\\C:\\Users\\saini\\Desktop\\AmazonCloneApp\\functions\\26940"}}
[debug] [2022-06-07T01:04:12.172Z] [functions] Runtime ready! Sending request! {"metadata":{"emulator":{"name":"functions"},"message":"[functions] Runtime ready! Sending request!"}}
[debug] [2022-06-07T01:04:12.173Z] [functions] Got req.url=/clone-ee6fa/us-central1/api/payments/create?total=23900, mapping to path=/payments/create?total=23900 {"metadata":{"emulator":{"name":"functions"},"message":"[functions] Got req.url=/clone-ee6fa/us-central1/api/payments/create?total=23900, mapping to path=/payments/create?total=23900"}}
[debug] [2022-06-07T01:04:12.177Z] [runtime-status] [16252] Ephemeral server handling POST request {"metadata":{"emulator":{"name":"functions"},"function":{"name":"us-central1-api"},"extension":{},"message":"[runtime-status] [16252] Ephemeral server handling POST request"}}
[info] >  Payment Request Recieved !! for this amount >>>  23900 {"user":"Payment Request Recieved !! for this amount >>>  23900","metadata":{"emulator":{"name":"functions"},"function":{"name":"us-central1-api"},"extension":{},"message":"\u001b[90m> \u001b[39m Payment Request Recieved !! for this amount >>>  23900"}}
[debug] [2022-06-07T01:04:12.179Z] [runtime-status] [26940] Ephemeral server handling POST request {"metadata":{"emulator":{"name":"functions"},"function":{"name":"us-central1-api"},"extension":{},"message":"[runtime-status] [26940] Ephemeral server handling POST request"}}
[info] >  Payment Request Recieved !! for this amount >>>  23900 {"user":"Payment Request Recieved !! for this amount >>>  23900","metadata":{"emulator":{"name":"functions"},"function":{"name":"us-central1-api"},"extension":{},"message":"\u001b[90m> \u001b[39m Payment Request Recieved !! for this amount >>>  23900"}}
[debug] [2022-06-07T01:04:12.181Z] [runtime-status] [16252] Ephemeral server survived. {"metadata":{"emulator":{"name":"functions"},"function":{"name":"us-central1-api"},"extension":{},"message":"[runtime-status] [16252] Ephemeral server survived."}}
[debug] [2022-06-07T01:04:12.189Z] [runtime-status] [26940] Ephemeral server survived. {"metadata":{"emulator":{"name":"functions"},"function":{"name":"us-central1-api"},"extension":{},"message":"[runtime-status] [26940] Ephemeral server survived."}}
[info] i  functions: Finished "api" in ~1s {"metadata":{"emulator":{"name":"functions"},"function":{"name":"us-central1-api"},"extension":{},"message":"Finished \"api\" in ~1s"}}
[debug] [2022-06-07T01:04:12.850Z] [worker-us-central1-api-fe826200-2636-46b2-91dd-69dce33f5a12]: IDLE {"metadata":{"emulator":{"name":"functions"},"message":"[worker-us-central1-api-fe826200-2636-46b2-91dd-69dce33f5a12]: IDLE"}}
[debug] [2022-06-07T01:04:12.851Z] [work-queue] {"queueLength":0,"workRunningCount":1}
[info] i  functions: Finished "api" in ~1s {"metadata":{"emulator":{"name":"functions"},"function":{"name":"us-central1-api"},"extension":{},"message":"Finished \"api\" in ~1s"}}
[debug] [2022-06-07T01:04:12.855Z] [worker-us-central1-api-80df87cd-ab65-4b0d-951c-979c414f3ba4]: IDLE {"metadata":{"emulator":{"name":"functions"},"message":"[worker-us-central1-api-80df87cd-ab65-4b0d-951c-979c414f3ba4]: IDLE"}}
[debug] [2022-06-07T01:04:12.857Z] [work-queue] {"queueLength":0,"workRunningCount":0}
[debug] [2022-06-07T01:06:04.006Z] [work-queue] {"queueLength":1,"workRunningCount":0}
[debug] [2022-06-07T01:06:04.006Z] [work-queue] {"queueLength":0,"workRunningCount":1}
[debug] [2022-06-07T01:06:04.006Z] Accepted request POST /clone-ee6fa/us-central1/api/payments/create?total=19999 --> us-central1-api
[debug] [2022-06-07T01:06:04.006Z] [worker-pool] submitWork(triggerId=us-central1-api) {"metadata":{"emulator":{"name":"functions"},"message":"[worker-pool] submitWork(triggerId=us-central1-api)"}}
[debug] [2022-06-07T01:06:04.006Z] [worker-us-central1-api-80df87cd-ab65-4b0d-951c-979c414f3ba4]: Assigning socketPath: \\?\pipe\C:\Users\saini\Desktop\AmazonCloneApp\functions\16252 {"metadata":{"emulator":{"name":"functions"},"message":"[worker-us-central1-api-80df87cd-ab65-4b0d-951c-979c414f3ba4]: Assigning socketPath: \\\\?\\pipe\\C:\\Users\\saini\\Desktop\\AmazonCloneApp\\functions\\16252"}}
[debug] [2022-06-07T01:06:04.006Z] [worker-us-central1-api-80df87cd-ab65-4b0d-951c-979c414f3ba4]: BUSY {"metadata":{"emulator":{"name":"functions"},"message":"[worker-us-central1-api-80df87cd-ab65-4b0d-951c-979c414f3ba4]: BUSY"}}
[debug] [2022-06-07T01:06:04.008Z] [work-queue] {"queueLength":1,"workRunningCount":1}
[debug] [2022-06-07T01:06:04.008Z] [work-queue] {"queueLength":0,"workRunningCount":2}
[debug] [2022-06-07T01:06:04.008Z] Accepted request POST /clone-ee6fa/us-central1/api/payments/create?total=19999 --> us-central1-api
[debug] [2022-06-07T01:06:04.008Z] [worker-pool] submitWork(triggerId=us-central1-api) {"metadata":{"emulator":{"name":"functions"},"message":"[worker-pool] submitWork(triggerId=us-central1-api)"}}
[debug] [2022-06-07T01:06:04.008Z] [worker-us-central1-api-fe826200-2636-46b2-91dd-69dce33f5a12]: Assigning socketPath: \\?\pipe\C:\Users\saini\Desktop\AmazonCloneApp\functions\26940 {"metadata":{"emulator":{"name":"functions"},"message":"[worker-us-central1-api-fe826200-2636-46b2-91dd-69dce33f5a12]: Assigning socketPath: \\\\?\\pipe\\C:\\Users\\saini\\Desktop\\AmazonCloneApp\\functions\\26940"}}
[debug] [2022-06-07T01:06:04.009Z] [worker-us-central1-api-fe826200-2636-46b2-91dd-69dce33f5a12]: BUSY {"metadata":{"emulator":{"name":"functions"},"message":"[worker-us-central1-api-fe826200-2636-46b2-91dd-69dce33f5a12]: BUSY"}}
[debug] [2022-06-07T01:06:04.009Z] [runtime-status] [16252] Beginning invocation function api! {"metadata":{"emulator":{"name":"functions"},"function":{"name":"us-central1-api"},"extension":{},"message":"[runtime-status] [16252] Beginning invocation function api!"}}
[info] i  functions: Beginning execution of "api" {"metadata":{"emulator":{"name":"functions"},"function":{"name":"us-central1-api"},"extension":{},"message":"Beginning execution of \"api\""}}
[debug] [2022-06-07T01:06:04.010Z] [runtime-status] [16252] Running api in signature http {"metadata":{"emulator":{"name":"functions"},"function":{"name":"us-central1-api"},"extension":{},"message":"[runtime-status] [16252] Running api in signature http"}}
[debug] [2022-06-07T01:06:04.011Z] [runtime-status] [16252] Attempting to listen to socketPath: \\?\pipe\C:\Users\saini\Desktop\AmazonCloneApp\functions\16252 {"metadata":{"emulator":{"name":"functions"},"function":{"name":"us-central1-api"},"extension":{},"message":"[runtime-status] [16252] Attempting to listen to socketPath: \\\\?\\pipe\\C:\\Users\\saini\\Desktop\\AmazonCloneApp\\functions\\16252"}}
[debug] [2022-06-07T01:06:04.011Z] [runtime-status] [26940] Beginning invocation function api! {"metadata":{"emulator":{"name":"functions"},"function":{"name":"us-central1-api"},"extension":{},"message":"[runtime-status] [26940] Beginning invocation function api!"}}
[info] i  functions: Beginning execution of "api" {"metadata":{"emulator":{"name":"functions"},"function":{"name":"us-central1-api"},"extension":{},"message":"Beginning execution of \"api\""}}
[debug] [2022-06-07T01:06:04.012Z] [runtime-status] [26940] Running api in signature http {"metadata":{"emulator":{"name":"functions"},"function":{"name":"us-central1-api"},"extension":{},"message":"[runtime-status] [26940] Running api in signature http"}}
[debug] [2022-06-07T01:06:04.013Z] [runtime-status] [26940] Attempting to listen to socketPath: \\?\pipe\C:\Users\saini\Desktop\AmazonCloneApp\functions\26940 {"metadata":{"emulator":{"name":"functions"},"function":{"name":"us-central1-api"},"extension":{},"message":"[runtime-status] [26940] Attempting to listen to socketPath: \\\\?\\pipe\\C:\\Users\\saini\\Desktop\\AmazonCloneApp\\functions\\26940"}}
[debug] [2022-06-07T01:06:04.018Z] [functions] Runtime ready! Sending request! {"metadata":{"emulator":{"name":"functions"},"message":"[functions] Runtime ready! Sending request!"}}
[debug] [2022-06-07T01:06:04.019Z] [functions] Got req.url=/clone-ee6fa/us-central1/api/payments/create?total=19999, mapping to path=/payments/create?total=19999 {"metadata":{"emulator":{"name":"functions"},"message":"[functions] Got req.url=/clone-ee6fa/us-central1/api/payments/create?total=19999, mapping to path=/payments/create?total=19999"}}
[debug] [2022-06-07T01:06:04.025Z] [functions] Runtime ready! Sending request! {"metadata":{"emulator":{"name":"functions"},"message":"[functions] Runtime ready! Sending request!"}}
[debug] [2022-06-07T01:06:04.026Z] [functions] Got req.url=/clone-ee6fa/us-central1/api/payments/create?total=19999, mapping to path=/payments/create?total=19999 {"metadata":{"emulator":{"name":"functions"},"message":"[functions] Got req.url=/clone-ee6fa/us-central1/api/payments/create?total=19999, mapping to path=/payments/create?total=19999"}}
[debug] [2022-06-07T01:06:04.027Z] [runtime-status] [16252] Ephemeral server handling POST request {"metadata":{"emulator":{"name":"functions"},"function":{"name":"us-central1-api"},"extension":{},"message":"[runtime-status] [16252] Ephemeral server handling POST request"}}
[info] >  Payment Request Recieved !! for this amount >>>  19999 {"user":"Payment Request Recieved !! for this amount >>>  19999","metadata":{"emulator":{"name":"functions"},"function":{"name":"us-central1-api"},"extension":{},"message":"\u001b[90m> \u001b[39m Payment Request Recieved !! for this amount >>>  19999"}}
[debug] [2022-06-07T01:06:04.028Z] [runtime-status] [16252] Ephemeral server survived. {"metadata":{"emulator":{"name":"functions"},"function":{"name":"us-central1-api"},"extension":{},"message":"[runtime-status] [16252] Ephemeral server survived."}}
[debug] [2022-06-07T01:06:04.029Z] [runtime-status] [26940] Ephemeral server handling POST request {"metadata":{"emulator":{"name":"functions"},"function":{"name":"us-central1-api"},"extension":{},"message":"[runtime-status] [26940] Ephemeral server handling POST request"}}
[info] >  Payment Request Recieved !! for this amount >>>  19999 {"user":"Payment Request Recieved !! for this amount >>>  19999","metadata":{"emulator":{"name":"functions"},"function":{"name":"us-central1-api"},"extension":{},"message":"\u001b[90m> \u001b[39m Payment Request Recieved !! for this amount >>>  19999"}}
[debug] [2022-06-07T01:06:04.034Z] [runtime-status] [26940] Ephemeral server survived. {"metadata":{"emulator":{"name":"functions"},"function":{"name":"us-central1-api"},"extension":{},"message":"[runtime-status] [26940] Ephemeral server survived."}}
[info] i  functions: Finished "api" in ~1s {"metadata":{"emulator":{"name":"functions"},"function":{"name":"us-central1-api"},"extension":{},"message":"Finished \"api\" in ~1s"}}
[debug] [2022-06-07T01:06:04.482Z] [worker-us-central1-api-fe826200-2636-46b2-91dd-69dce33f5a12]: IDLE {"metadata":{"emulator":{"name":"functions"},"message":"[worker-us-central1-api-fe826200-2636-46b2-91dd-69dce33f5a12]: IDLE"}}
[debug] [2022-06-07T01:06:04.483Z] [work-queue] {"queueLength":0,"workRunningCount":1}
[info] i  functions: Finished "api" in ~1s {"metadata":{"emulator":{"name":"functions"},"function":{"name":"us-central1-api"},"extension":{},"message":"Finished \"api\" in ~1s"}}
[debug] [2022-06-07T01:06:04.498Z] [worker-us-central1-api-80df87cd-ab65-4b0d-951c-979c414f3ba4]: IDLE {"metadata":{"emulator":{"name":"functions"},"message":"[worker-us-central1-api-80df87cd-ab65-4b0d-951c-979c414f3ba4]: IDLE"}}
[debug] [2022-06-07T01:06:04.499Z] [work-queue] {"queueLength":0,"workRunningCount":0}
